<?xml version="1.0" encoding="UTF-8"?>
<!-- Generated by org.testng.reporters.JUnitReportReporter -->
<testsuite hostname="DESKTOP-57M536C" failures="0" tests="1" name="com.Guru_Bank.testcases.TC_LoginTest_001" time="132.623" errors="0" timestamp="2022-03-14T11:46:52 IST" skipped="0">
  <testcase classname="com.Guru_Bank.testcases.TC_LoginTest_001" name="loginTest" time="132.623"/>
  <system-out/>
</testsuite> <!-- com.Guru_Bank.testcases.TC_LoginTest_001 -->
